<?xml version="1.0" encoding="UTF-8"?>
<testng-results total="1" passed="1" failed="0" skipped="0">
  <reporter-output>
  </reporter-output>
  <suite started-at="2019-04-22T01:32:07Z" name="Default suite" finished-at="2019-04-22T01:33:10Z" duration-ms="62913">
    <groups>
    </groups>
    <test started-at="2019-04-22T01:32:07Z" name="Default test" finished-at="2019-04-22T01:33:10Z" duration-ms="62913">
      <class name="com.warehouse.TestCases.TS_04_Add_To_Cart">
        <test-method is-config="true" signature="beforeMethod()[pri:0, instance:com.warehouse.TestCases.TS_04_Add_To_Cart@175b9425]" started-at="2019-04-22T07:02:07Z" name="beforeMethod" finished-at="2019-04-22T07:02:32Z" duration-ms="25126" status="PASS">
          <reporter-output>
          </reporter-output>
        </test-method> <!-- beforeMethod -->
        <test-method signature="TC_01_addToCartTest()[pri:0, instance:com.warehouse.TestCases.TS_04_Add_To_Cart@175b9425]" started-at="2019-04-22T07:02:32Z" name="TC_01_addToCartTest" finished-at="2019-04-22T07:03:08Z" duration-ms="35518" status="PASS">
          <reporter-output>
          </reporter-output>
        </test-method> <!-- TC_01_addToCartTest -->
        <test-method is-config="true" signature="afterMethod()[pri:0, instance:com.warehouse.TestCases.TS_04_Add_To_Cart@175b9425]" started-at="2019-04-22T07:03:08Z" name="afterMethod" finished-at="2019-04-22T07:03:10Z" duration-ms="2250" status="PASS">
          <reporter-output>
          </reporter-output>
        </test-method> <!-- afterMethod -->
      </class> <!-- com.warehouse.TestCases.TS_04_Add_To_Cart -->
    </test> <!-- Default test -->
  </suite> <!-- Default suite -->
</testng-results>
